<?xml version="1.0" encoding="UTF-8"?>
<testng-results ignored="0" total="1" passed="1" failed="0" skipped="0">
  <reporter-output>
  </reporter-output>
  <suite started-at="2020-01-07T19:56:24Z" name="Default suite" finished-at="2020-01-07T19:56:42Z" duration-ms="18714">
    <groups>
    </groups>
    <test started-at="2020-01-07T19:56:24Z" name="Default test" finished-at="2020-01-07T19:56:42Z" duration-ms="18714">
      <class name="sumat.test.GenerarPlanillaDeAutoliquidacionTest">
        <test-method is-config="true" signature="setUp()[pri:0, instance:sumat.test.GenerarPlanillaDeAutoliquidacionTest@3a44431a]" started-at="2020-01-07T19:56:24Z" name="setUp" finished-at="2020-01-07T19:56:35Z" duration-ms="11672" status="PASS">
          <reporter-output>
          </reporter-output>
        </test-method> <!-- setUp -->
        <test-method signature="test()[pri:0, instance:sumat.test.GenerarPlanillaDeAutoliquidacionTest@3a44431a]" started-at="2020-01-07T19:56:35Z" name="test" finished-at="2020-01-07T19:56:42Z" duration-ms="6996" status="PASS">
          <reporter-output>
          </reporter-output>
        </test-method> <!-- test -->
        <test-method is-config="true" signature="tearDown()[pri:0, instance:sumat.test.GenerarPlanillaDeAutoliquidacionTest@3a44431a]" started-at="2020-01-07T19:56:42Z" name="tearDown" finished-at="2020-01-07T19:56:42Z" duration-ms="0" status="PASS">
          <reporter-output>
          </reporter-output>
        </test-method> <!-- tearDown -->
      </class> <!-- sumat.test.GenerarPlanillaDeAutoliquidacionTest -->
    </test> <!-- Default test -->
  </suite> <!-- Default suite -->
</testng-results>
